{"C:\\Users\\LENOVO\\Documents\\Programming\\products\\go.charity\\auth-server\\dev\\models\\RefrestTokens.js": {"path":"C:\\Users\\LENOVO\\Documents\\Programming\\products\\go.charity\\auth-server\\dev\\models\\RefrestTokens.js","statementMap":{"0":{"start":{"line":2,"column":22},"end":{"line":4,"column":1}},"1":{"start":{"line":3,"column":4},"end":{"line":3,"column":62}},"2":{"start":{"line":5,"column":0},"end":{"line":5,"column":62}},"3":{"start":{"line":6,"column":19},"end":{"line":6,"column":55}},"4":{"start":{"line":7,"column":26},"end":{"line":13,"column":2}},"5":{"start":{"line":14,"column":26},"end":{"line":14,"column":86}},"6":{"start":{"line":15,"column":0},"end":{"line":15,"column":79}}},"fnMap":{"0":{"name":"(anonymous_0)","decl":{"start":{"line":2,"column":56},"end":{"line":2,"column":57}},"loc":{"start":{"line":2,"column":71},"end":{"line":4,"column":1}},"line":2}},"branchMap":{"0":{"loc":{"start":{"line":2,"column":22},"end":{"line":4,"column":1}},"type":"binary-expr","locations":[{"start":{"line":2,"column":23},"end":{"line":2,"column":27}},{"start":{"line":2,"column":31},"end":{"line":2,"column":51}},{"start":{"line":2,"column":56},"end":{"line":4,"column":1}}],"line":2},"1":{"loc":{"start":{"line":3,"column":11},"end":{"line":3,"column":61}},"type":"cond-expr","locations":[{"start":{"line":3,"column":37},"end":{"line":3,"column":40}},{"start":{"line":3,"column":43},"end":{"line":3,"column":61}}],"line":3},"2":{"loc":{"start":{"line":3,"column":12},"end":{"line":3,"column":33}},"type":"binary-expr","locations":[{"start":{"line":3,"column":12},"end":{"line":3,"column":15}},{"start":{"line":3,"column":19},"end":{"line":3,"column":33}}],"line":3},"3":{"loc":{"start":{"line":15,"column":18},"end":{"line":15,"column":78}},"type":"binary-expr","locations":[{"start":{"line":15,"column":18},"end":{"line":15,"column":57}},{"start":{"line":15,"column":61},"end":{"line":15,"column":78}}],"line":15}},"s":{"0":1,"1":1,"2":1,"3":1,"4":1,"5":1,"6":1},"f":{"0":1},"b":{"0":[1,1,1],"1":[0,1],"2":[1,1],"3":[1,0]},"_coverageSchema":"1a1c01bbd47fc00a2c39e90264f33305004495a9","hash":"83062a2fe4d668a5ad64e986e7c438461cfe11ad"}
,"C:\\Users\\LENOVO\\Documents\\Programming\\products\\go.charity\\auth-server\\dev\\models\\db.config.js": {"path":"C:\\Users\\LENOVO\\Documents\\Programming\\products\\go.charity\\auth-server\\dev\\models\\db.config.js","statementMap":{"0":{"start":{"line":2,"column":16},"end":{"line":10,"column":1}},"1":{"start":{"line":3,"column":28},"end":{"line":3,"column":110}},"2":{"start":{"line":3,"column":91},"end":{"line":3,"column":106}},"3":{"start":{"line":4,"column":4},"end":{"line":9,"column":7}},"4":{"start":{"line":5,"column":36},"end":{"line":5,"column":97}},"5":{"start":{"line":5,"column":42},"end":{"line":5,"column":70}},"6":{"start":{"line":5,"column":85},"end":{"line":5,"column":95}},"7":{"start":{"line":6,"column":35},"end":{"line":6,"column":100}},"8":{"start":{"line":6,"column":41},"end":{"line":6,"column":73}},"9":{"start":{"line":6,"column":88},"end":{"line":6,"column":98}},"10":{"start":{"line":7,"column":32},"end":{"line":7,"column":116}},"11":{"start":{"line":8,"column":8},"end":{"line":8,"column":78}},"12":{"start":{"line":11,"column":22},"end":{"line":13,"column":1}},"13":{"start":{"line":12,"column":4},"end":{"line":12,"column":62}},"14":{"start":{"line":14,"column":0},"end":{"line":14,"column":62}},"15":{"start":{"line":16,"column":19},"end":{"line":16,"column":55}},"16":{"start":{"line":17,"column":16},"end":{"line":21,"column":2}},"17":{"start":{"line":17,"column":22},"end":{"line":21,"column":2}},"18":{"start":{"line":18,"column":16},"end":{"line":18,"column":213}},"19":{"start":{"line":19,"column":4},"end":{"line":20,"column":66}},"20":{"start":{"line":20,"column":8},"end":{"line":20,"column":66}},"21":{"start":{"line":22,"column":0},"end":{"line":22,"column":26}}},"fnMap":{"0":{"name":"(anonymous_0)","decl":{"start":{"line":2,"column":44},"end":{"line":2,"column":45}},"loc":{"start":{"line":2,"column":89},"end":{"line":10,"column":1}},"line":2},"1":{"name":"adopt","decl":{"start":{"line":3,"column":13},"end":{"line":3,"column":18}},"loc":{"start":{"line":3,"column":26},"end":{"line":3,"column":112}},"line":3},"2":{"name":"(anonymous_2)","decl":{"start":{"line":3,"column":70},"end":{"line":3,"column":71}},"loc":{"start":{"line":3,"column":89},"end":{"line":3,"column":108}},"line":3},"3":{"name":"(anonymous_3)","decl":{"start":{"line":4,"column":36},"end":{"line":4,"column":37}},"loc":{"start":{"line":4,"column":63},"end":{"line":9,"column":5}},"line":4},"4":{"name":"fulfilled","decl":{"start":{"line":5,"column":17},"end":{"line":5,"column":26}},"loc":{"start":{"line":5,"column":34},"end":{"line":5,"column":99}},"line":5},"5":{"name":"rejected","decl":{"start":{"line":6,"column":17},"end":{"line":6,"column":25}},"loc":{"start":{"line":6,"column":33},"end":{"line":6,"column":102}},"line":6},"6":{"name":"step","decl":{"start":{"line":7,"column":17},"end":{"line":7,"column":21}},"loc":{"start":{"line":7,"column":30},"end":{"line":7,"column":118}},"line":7},"7":{"name":"(anonymous_7)","decl":{"start":{"line":11,"column":56},"end":{"line":11,"column":57}},"loc":{"start":{"line":11,"column":71},"end":{"line":13,"column":1}},"line":11},"8":{"name":"(anonymous_8)","decl":{"start":{"line":17,"column":16},"end":{"line":17,"column":17}},"loc":{"start":{"line":17,"column":22},"end":{"line":21,"column":2}},"line":17},"9":{"name":"(anonymous_9)","decl":{"start":{"line":17,"column":56},"end":{"line":17,"column":57}},"loc":{"start":{"line":17,"column":69},"end":{"line":21,"column":1}},"line":17}},"branchMap":{"0":{"loc":{"start":{"line":2,"column":16},"end":{"line":10,"column":1}},"type":"binary-expr","locations":[{"start":{"line":2,"column":17},"end":{"line":2,"column":21}},{"start":{"line":2,"column":25},"end":{"line":2,"column":39}},{"start":{"line":2,"column":44},"end":{"line":10,"column":1}}],"line":2},"1":{"loc":{"start":{"line":3,"column":35},"end":{"line":3,"column":109}},"type":"cond-expr","locations":[{"start":{"line":3,"column":56},"end":{"line":3,"column":61}},{"start":{"line":3,"column":64},"end":{"line":3,"column":109}}],"line":3},"2":{"loc":{"start":{"line":4,"column":16},"end":{"line":4,"column":34}},"type":"binary-expr","locations":[{"start":{"line":4,"column":16},"end":{"line":4,"column":17}},{"start":{"line":4,"column":22},"end":{"line":4,"column":33}}],"line":4},"3":{"loc":{"start":{"line":7,"column":32},"end":{"line":7,"column":115}},"type":"cond-expr","locations":[{"start":{"line":7,"column":46},"end":{"line":7,"column":67}},{"start":{"line":7,"column":70},"end":{"line":7,"column":115}}],"line":7},"4":{"loc":{"start":{"line":8,"column":51},"end":{"line":8,"column":67}},"type":"binary-expr","locations":[{"start":{"line":8,"column":51},"end":{"line":8,"column":61}},{"start":{"line":8,"column":65},"end":{"line":8,"column":67}}],"line":8},"5":{"loc":{"start":{"line":11,"column":22},"end":{"line":13,"column":1}},"type":"binary-expr","locations":[{"start":{"line":11,"column":23},"end":{"line":11,"column":27}},{"start":{"line":11,"column":31},"end":{"line":11,"column":51}},{"start":{"line":11,"column":56},"end":{"line":13,"column":1}}],"line":11},"6":{"loc":{"start":{"line":12,"column":11},"end":{"line":12,"column":61}},"type":"cond-expr","locations":[{"start":{"line":12,"column":37},"end":{"line":12,"column":40}},{"start":{"line":12,"column":43},"end":{"line":12,"column":61}}],"line":12},"7":{"loc":{"start":{"line":12,"column":12},"end":{"line":12,"column":33}},"type":"binary-expr","locations":[{"start":{"line":12,"column":12},"end":{"line":12,"column":15}},{"start":{"line":12,"column":19},"end":{"line":12,"column":33}}],"line":12},"8":{"loc":{"start":{"line":19,"column":4},"end":{"line":20,"column":66}},"type":"if","locations":[{"start":{"line":19,"column":4},"end":{"line":20,"column":66}},{"start":{},"end":{}}],"line":19}},"s":{"0":1,"1":3,"2":0,"3":3,"4":2,"5":2,"6":0,"7":1,"8":1,"9":1,"10":5,"11":3,"12":1,"13":1,"14":1,"15":1,"16":1,"17":3,"18":3,"19":2,"20":2,"21":1},"f":{"0":3,"1":3,"2":0,"3":3,"4":2,"5":1,"6":5,"7":1,"8":3,"9":3},"b":{"0":[1,1,1],"1":[3,0],"2":[3,3],"3":[2,3],"4":[3,3],"5":[1,1,1],"6":[0,1],"7":[1,1],"8":[2,0]},"_coverageSchema":"1a1c01bbd47fc00a2c39e90264f33305004495a9","hash":"cc60364613272c89d49796685d07b769670d7f21"}
,"C:\\Users\\LENOVO\\Documents\\Programming\\products\\go.charity\\auth-server\\dev\\utils\\utils.js": {"path":"C:\\Users\\LENOVO\\Documents\\Programming\\products\\go.charity\\auth-server\\dev\\utils\\utils.js","statementMap":{"0":{"start":{"line":2,"column":16},"end":{"line":10,"column":1}},"1":{"start":{"line":3,"column":28},"end":{"line":3,"column":110}},"2":{"start":{"line":3,"column":91},"end":{"line":3,"column":106}},"3":{"start":{"line":4,"column":4},"end":{"line":9,"column":7}},"4":{"start":{"line":5,"column":36},"end":{"line":5,"column":97}},"5":{"start":{"line":5,"column":42},"end":{"line":5,"column":70}},"6":{"start":{"line":5,"column":85},"end":{"line":5,"column":95}},"7":{"start":{"line":6,"column":35},"end":{"line":6,"column":100}},"8":{"start":{"line":6,"column":41},"end":{"line":6,"column":73}},"9":{"start":{"line":6,"column":88},"end":{"line":6,"column":98}},"10":{"start":{"line":7,"column":32},"end":{"line":7,"column":116}},"11":{"start":{"line":8,"column":8},"end":{"line":8,"column":78}},"12":{"start":{"line":11,"column":22},"end":{"line":13,"column":1}},"13":{"start":{"line":12,"column":4},"end":{"line":12,"column":62}},"14":{"start":{"line":14,"column":0},"end":{"line":14,"column":62}},"15":{"start":{"line":15,"column":0},"end":{"line":15,"column":237}},"16":{"start":{"line":16,"column":23},"end":{"line":16,"column":63}},"17":{"start":{"line":17,"column":0},"end":{"line":17,"column":52}},"18":{"start":{"line":18,"column":0},"end":{"line":18,"column":55}},"19":{"start":{"line":24,"column":24},"end":{"line":24,"column":72}},"20":{"start":{"line":24,"column":35},"end":{"line":24,"column":72}},"21":{"start":{"line":25,"column":0},"end":{"line":25,"column":42}},"22":{"start":{"line":31,"column":26},"end":{"line":31,"column":83}},"23":{"start":{"line":31,"column":37},"end":{"line":31,"column":83}},"24":{"start":{"line":32,"column":0},"end":{"line":32,"column":46}},"25":{"start":{"line":39,"column":23},"end":{"line":41,"column":2}},"26":{"start":{"line":39,"column":33},"end":{"line":41,"column":2}},"27":{"start":{"line":40,"column":4},"end":{"line":40,"column":49}},"28":{"start":{"line":42,"column":0},"end":{"line":42,"column":40}},"29":{"start":{"line":49,"column":28},"end":{"line":52,"column":2}},"30":{"start":{"line":49,"column":38},"end":{"line":52,"column":2}},"31":{"start":{"line":50,"column":25},"end":{"line":50,"column":91}},"32":{"start":{"line":51,"column":4},"end":{"line":51,"column":14}},"33":{"start":{"line":53,"column":0},"end":{"line":53,"column":50}},"34":{"start":{"line":60,"column":29},"end":{"line":62,"column":2}},"35":{"start":{"line":60,"column":39},"end":{"line":62,"column":2}},"36":{"start":{"line":61,"column":4},"end":{"line":61,"column":14}},"37":{"start":{"line":63,"column":0},"end":{"line":63,"column":52}},"38":{"start":{"line":70,"column":27},"end":{"line":72,"column":2}},"39":{"start":{"line":70,"column":37},"end":{"line":72,"column":2}},"40":{"start":{"line":71,"column":4},"end":{"line":71,"column":49}},"41":{"start":{"line":73,"column":0},"end":{"line":73,"column":48}},"42":{"start":{"line":82,"column":22},"end":{"line":84,"column":1}},"43":{"start":{"line":83,"column":4},"end":{"line":83,"column":22}},"44":{"start":{"line":85,"column":0},"end":{"line":85,"column":38}}},"fnMap":{"0":{"name":"(anonymous_0)","decl":{"start":{"line":2,"column":44},"end":{"line":2,"column":45}},"loc":{"start":{"line":2,"column":89},"end":{"line":10,"column":1}},"line":2},"1":{"name":"adopt","decl":{"start":{"line":3,"column":13},"end":{"line":3,"column":18}},"loc":{"start":{"line":3,"column":26},"end":{"line":3,"column":112}},"line":3},"2":{"name":"(anonymous_2)","decl":{"start":{"line":3,"column":70},"end":{"line":3,"column":71}},"loc":{"start":{"line":3,"column":89},"end":{"line":3,"column":108}},"line":3},"3":{"name":"(anonymous_3)","decl":{"start":{"line":4,"column":36},"end":{"line":4,"column":37}},"loc":{"start":{"line":4,"column":63},"end":{"line":9,"column":5}},"line":4},"4":{"name":"fulfilled","decl":{"start":{"line":5,"column":17},"end":{"line":5,"column":26}},"loc":{"start":{"line":5,"column":34},"end":{"line":5,"column":99}},"line":5},"5":{"name":"rejected","decl":{"start":{"line":6,"column":17},"end":{"line":6,"column":25}},"loc":{"start":{"line":6,"column":33},"end":{"line":6,"column":102}},"line":6},"6":{"name":"step","decl":{"start":{"line":7,"column":17},"end":{"line":7,"column":21}},"loc":{"start":{"line":7,"column":30},"end":{"line":7,"column":118}},"line":7},"7":{"name":"(anonymous_7)","decl":{"start":{"line":11,"column":56},"end":{"line":11,"column":57}},"loc":{"start":{"line":11,"column":71},"end":{"line":13,"column":1}},"line":11},"8":{"name":"(anonymous_8)","decl":{"start":{"line":24,"column":24},"end":{"line":24,"column":25}},"loc":{"start":{"line":24,"column":35},"end":{"line":24,"column":72}},"line":24},"9":{"name":"(anonymous_9)","decl":{"start":{"line":31,"column":26},"end":{"line":31,"column":27}},"loc":{"start":{"line":31,"column":37},"end":{"line":31,"column":83}},"line":31},"10":{"name":"(anonymous_10)","decl":{"start":{"line":39,"column":23},"end":{"line":39,"column":24}},"loc":{"start":{"line":39,"column":33},"end":{"line":41,"column":2}},"line":39},"11":{"name":"(anonymous_11)","decl":{"start":{"line":39,"column":67},"end":{"line":39,"column":68}},"loc":{"start":{"line":39,"column":80},"end":{"line":41,"column":1}},"line":39},"12":{"name":"(anonymous_12)","decl":{"start":{"line":49,"column":28},"end":{"line":49,"column":29}},"loc":{"start":{"line":49,"column":38},"end":{"line":52,"column":2}},"line":49},"13":{"name":"(anonymous_13)","decl":{"start":{"line":49,"column":72},"end":{"line":49,"column":73}},"loc":{"start":{"line":49,"column":85},"end":{"line":52,"column":1}},"line":49},"14":{"name":"(anonymous_14)","decl":{"start":{"line":60,"column":29},"end":{"line":60,"column":30}},"loc":{"start":{"line":60,"column":39},"end":{"line":62,"column":2}},"line":60},"15":{"name":"(anonymous_15)","decl":{"start":{"line":60,"column":73},"end":{"line":60,"column":74}},"loc":{"start":{"line":60,"column":86},"end":{"line":62,"column":1}},"line":60},"16":{"name":"(anonymous_16)","decl":{"start":{"line":70,"column":27},"end":{"line":70,"column":28}},"loc":{"start":{"line":70,"column":37},"end":{"line":72,"column":2}},"line":70},"17":{"name":"(anonymous_17)","decl":{"start":{"line":70,"column":71},"end":{"line":70,"column":72}},"loc":{"start":{"line":70,"column":84},"end":{"line":72,"column":1}},"line":70},"18":{"name":"(anonymous_18)","decl":{"start":{"line":82,"column":22},"end":{"line":82,"column":23}},"loc":{"start":{"line":82,"column":81},"end":{"line":84,"column":1}},"line":82}},"branchMap":{"0":{"loc":{"start":{"line":2,"column":16},"end":{"line":10,"column":1}},"type":"binary-expr","locations":[{"start":{"line":2,"column":17},"end":{"line":2,"column":21}},{"start":{"line":2,"column":25},"end":{"line":2,"column":39}},{"start":{"line":2,"column":44},"end":{"line":10,"column":1}}],"line":2},"1":{"loc":{"start":{"line":3,"column":35},"end":{"line":3,"column":109}},"type":"cond-expr","locations":[{"start":{"line":3,"column":56},"end":{"line":3,"column":61}},{"start":{"line":3,"column":64},"end":{"line":3,"column":109}}],"line":3},"2":{"loc":{"start":{"line":4,"column":16},"end":{"line":4,"column":34}},"type":"binary-expr","locations":[{"start":{"line":4,"column":16},"end":{"line":4,"column":17}},{"start":{"line":4,"column":22},"end":{"line":4,"column":33}}],"line":4},"3":{"loc":{"start":{"line":7,"column":32},"end":{"line":7,"column":115}},"type":"cond-expr","locations":[{"start":{"line":7,"column":46},"end":{"line":7,"column":67}},{"start":{"line":7,"column":70},"end":{"line":7,"column":115}}],"line":7},"4":{"loc":{"start":{"line":8,"column":51},"end":{"line":8,"column":67}},"type":"binary-expr","locations":[{"start":{"line":8,"column":51},"end":{"line":8,"column":61}},{"start":{"line":8,"column":65},"end":{"line":8,"column":67}}],"line":8},"5":{"loc":{"start":{"line":11,"column":22},"end":{"line":13,"column":1}},"type":"binary-expr","locations":[{"start":{"line":11,"column":23},"end":{"line":11,"column":27}},{"start":{"line":11,"column":31},"end":{"line":11,"column":51}},{"start":{"line":11,"column":56},"end":{"line":13,"column":1}}],"line":11},"6":{"loc":{"start":{"line":12,"column":11},"end":{"line":12,"column":61}},"type":"cond-expr","locations":[{"start":{"line":12,"column":37},"end":{"line":12,"column":40}},{"start":{"line":12,"column":43},"end":{"line":12,"column":61}}],"line":12},"7":{"loc":{"start":{"line":12,"column":12},"end":{"line":12,"column":33}},"type":"binary-expr","locations":[{"start":{"line":12,"column":12},"end":{"line":12,"column":15}},{"start":{"line":12,"column":19},"end":{"line":12,"column":33}}],"line":12},"8":{"loc":{"start":{"line":82,"column":23},"end":{"line":82,"column":65}},"type":"default-arg","locations":[{"start":{"line":82,"column":37},"end":{"line":82,"column":65}}],"line":82}},"s":{"0":1,"1":0,"2":0,"3":22,"4":0,"5":0,"6":0,"7":0,"8":0,"9":0,"10":17,"11":22,"12":1,"13":1,"14":1,"15":1,"16":1,"17":1,"18":1,"19":1,"20":0,"21":1,"22":1,"23":0,"24":1,"25":1,"26":6,"27":6,"28":1,"29":1,"30":5,"31":5,"32":0,"33":1,"34":1,"35":5,"36":5,"37":1,"38":1,"39":6,"40":6,"41":1,"42":1,"43":3,"44":1},"f":{"0":22,"1":0,"2":0,"3":22,"4":0,"5":0,"6":17,"7":1,"8":0,"9":0,"10":6,"11":6,"12":5,"13":5,"14":5,"15":5,"16":6,"17":6,"18":3},"b":{"0":[1,1,1],"1":[0,0],"2":[22,22],"3":[17,0],"4":[22,22],"5":[1,1,1],"6":[0,1],"7":[1,1],"8":[0]},"_coverageSchema":"1a1c01bbd47fc00a2c39e90264f33305004495a9","hash":"598da056e6f4be44a6324987f1eb8c128dc2dc4c"}
}
