TN:
SF:dev\models\RefrestTokens.js
FN:2,(anonymous_0)
FNF:1
FNH:1
FNDA:1,(anonymous_0)
DA:2,1
DA:3,1
DA:5,1
DA:6,1
DA:7,1
DA:14,1
DA:15,1
LF:7
LH:7
BRDA:2,0,0,1
BRDA:2,0,1,1
BRDA:2,0,2,1
BRDA:3,1,0,0
BRDA:3,1,1,1
BRDA:3,2,0,1
BRDA:3,2,1,1
BRDA:15,3,0,1
BRDA:15,3,1,0
BRF:9
BRH:7
end_of_record
TN:
SF:dev\models\db.config.js
FN:2,(anonymous_0)
FN:3,adopt
FN:3,(anonymous_2)
FN:4,(anonymous_3)
FN:5,fulfilled
FN:6,rejected
FN:7,step
FN:11,(anonymous_7)
FN:17,(anonymous_8)
FN:17,(anonymous_9)
FNF:10
FNH:9
FNDA:3,(anonymous_0)
FNDA:3,adopt
FNDA:0,(anonymous_2)
FNDA:3,(anonymous_3)
FNDA:2,fulfilled
FNDA:1,rejected
FNDA:5,step
FNDA:1,(anonymous_7)
FNDA:3,(anonymous_8)
FNDA:3,(anonymous_9)
DA:2,1
DA:3,3
DA:4,3
DA:5,2
DA:6,1
DA:7,5
DA:8,3
DA:11,1
DA:12,1
DA:14,1
DA:16,1
DA:17,3
DA:18,3
DA:19,2
DA:20,2
DA:22,1
LF:16
LH:16
BRDA:2,0,0,1
BRDA:2,0,1,1
BRDA:2,0,2,1
BRDA:3,1,0,3
BRDA:3,1,1,0
BRDA:4,2,0,3
BRDA:4,2,1,3
BRDA:7,3,0,2
BRDA:7,3,1,3
BRDA:8,4,0,3
BRDA:8,4,1,3
BRDA:11,5,0,1
BRDA:11,5,1,1
BRDA:11,5,2,1
BRDA:12,6,0,0
BRDA:12,6,1,1
BRDA:12,7,0,1
BRDA:12,7,1,1
BRDA:19,8,0,2
BRDA:19,8,1,0
BRF:20
BRH:17
end_of_record
TN:
SF:dev\utils\utils.js
FN:2,(anonymous_0)
FN:3,adopt
FN:3,(anonymous_2)
FN:4,(anonymous_3)
FN:5,fulfilled
FN:6,rejected
FN:7,step
FN:11,(anonymous_7)
FN:24,(anonymous_8)
FN:31,(anonymous_9)
FN:39,(anonymous_10)
FN:39,(anonymous_11)
FN:49,(anonymous_12)
FN:49,(anonymous_13)
FN:60,(anonymous_14)
FN:60,(anonymous_15)
FN:70,(anonymous_16)
FN:70,(anonymous_17)
FN:82,(anonymous_18)
FNF:19
FNH:13
FNDA:22,(anonymous_0)
FNDA:0,adopt
FNDA:0,(anonymous_2)
FNDA:22,(anonymous_3)
FNDA:0,fulfilled
FNDA:0,rejected
FNDA:17,step
FNDA:1,(anonymous_7)
FNDA:0,(anonymous_8)
FNDA:0,(anonymous_9)
FNDA:6,(anonymous_10)
FNDA:6,(anonymous_11)
FNDA:5,(anonymous_12)
FNDA:5,(anonymous_13)
FNDA:5,(anonymous_14)
FNDA:5,(anonymous_15)
FNDA:6,(anonymous_16)
FNDA:6,(anonymous_17)
FNDA:3,(anonymous_18)
DA:2,1
DA:3,0
DA:4,22
DA:5,0
DA:6,0
DA:7,17
DA:8,22
DA:11,1
DA:12,1
DA:14,1
DA:15,1
DA:16,1
DA:17,1
DA:18,1
DA:24,1
DA:25,1
DA:31,1
DA:32,1
DA:39,6
DA:40,6
DA:42,1
DA:49,5
DA:50,5
DA:51,0
DA:53,1
DA:60,5
DA:61,5
DA:63,1
DA:70,6
DA:71,6
DA:73,1
DA:82,1
DA:83,3
DA:85,1
LF:34
LH:30
BRDA:2,0,0,1
BRDA:2,0,1,1
BRDA:2,0,2,1
BRDA:3,1,0,0
BRDA:3,1,1,0
BRDA:4,2,0,22
BRDA:4,2,1,22
BRDA:7,3,0,17
BRDA:7,3,1,0
BRDA:8,4,0,22
BRDA:8,4,1,22
BRDA:11,5,0,1
BRDA:11,5,1,1
BRDA:11,5,2,1
BRDA:12,6,0,0
BRDA:12,6,1,1
BRDA:12,7,0,1
BRDA:12,7,1,1
BRDA:82,8,0,0
BRF:19
BRH:14
end_of_record
